#
# There is insufficient memory for the Java Runtime Environment to continue.
# Native memory allocation (mmap) failed to map 132120576 bytes for G1 virtual space
# Possible reasons:
#   The system is out of physical RAM or swap space
#   The process is running with CompressedOops enabled, and the Java Heap may be blocking the growth of the native heap
# Possible solutions:
#   Reduce memory load on the system
#   Increase physical memory or swap space
#   Check if swap backing store is full
#   Decrease Java heap size (-Xmx/-Xms)
#   Decrease number of Java threads
#   Decrease Java thread stack sizes (-Xss)
#   Set larger code cache with -XX:ReservedCodeCacheSize=
#   JVM is running with Unscaled Compressed Oops mode in which the Java heap is
#     placed in the first 4GB address space. The Java Heap base address is the
#     maximum limit for the native heap growth. Please use -XX:HeapBaseMinAddress
#     to set the Java Heap base and to place the Java Heap above 4GB virtual address.
# This output file may be truncated or incomplete.
#
#  Out of Memory Error (os_windows.cpp:3548), pid=13388, tid=18884
#
# JRE version:  (17.0.10+11) (build )
# Java VM: Java HotSpot(TM) 64-Bit Server VM (17.0.10+11-LTS-240, mixed mode, sharing, tiered, compressed oops, compressed class ptrs, g1 gc, windows-amd64)
# No core dump will be written. Minidumps are not enabled by default on client versions of Windows
#

---------------  S U M M A R Y ------------

Command Line: -Dnet.bytebuddy.agent.attacher.dump= net.bytebuddy.agent.Attacher com.sun.tools.attach.VirtualMachine 23104 C:\Users\lenovo\.m2\repository\net\bytebuddy\byte-buddy-agent\1.14.18\byte-buddy-agent-1.14.18.jar false 

Host: Intel(R) Core(TM) i5-10210U CPU @ 1.60GHz, 8 cores, 7G,  Windows 11 , 64 bit Build 22621 (10.0.22621.3672)
Time: Mon Aug 19 20:05:36 2024 India Standard Time elapsed time: 0.012568 seconds (0d 0h 0m 0s)

---------------  T H R E A D  ---------------

Current thread (0x000002510b3e54e0):  JavaThread "Unknown thread" [_thread_in_vm, id=18884, stack(0x000000edcf700000,0x000000edcf800000)]

Stack: [0x000000edcf700000,0x000000edcf800000]
Native frames: (J=compiled Java code, j=interpreted, Vv=VM code, C=native code)
V  [jvm.dll+0x677a5a]
V  [jvm.dll+0x7d8b2d]
V  [jvm.dll+0x7da48e]
V  [jvm.dll+0x7daaf3]
V  [jvm.dll+0x2455ff]
V  [jvm.dll+0x6749b9]
V  [jvm.dll+0x669382]
V  [jvm.dll+0x302e96]
V  [jvm.dll+0x30a416]
V  [jvm.dll+0x359cbe]
V  [jvm.dll+0x359eef]
V  [jvm.dll+0x2d9e88]
V  [jvm.dll+0x2dadf4]
V  [jvm.dll+0x7aa551]
V  [jvm.dll+0x367911]
V  [jvm.dll+0x789639]
V  [jvm.dll+0x3eb30f]
V  [jvm.dll+0x3ecd91]
C  [jli.dll+0x5297]
C  [ucrtbase.dll+0x29333]
C  [KERNEL32.DLL+0x1257d]
C  [ntdll.dll+0x5af28]


---------------  P R O C E S S  ---------------

Threads class SMR info:
_java_thread_list=0x00007ffc65b76a18, length=0, elements={
}

Java Threads: ( => current thread )

Other Threads:
  0x000002510b43eed0 GCTaskThread "GC Thread#0" [stack: 0x000000edcf800000,0x000000edcf900000] [id=22124]
  0x000002510b44f920 ConcurrentGCThread "G1 Main Marker" [stack: 0x000000edcf900000,0x000000edcfa00000] [id=5832]
  0x000002510b451340 ConcurrentGCThread "G1 Conc#0" [stack: 0x000000edcfa00000,0x000000edcfb00000] [id=19000]

[error occurred during error reporting (printing all threads), id 0xc0000005, EXCEPTION_ACCESS_VIOLATION (0xc0000005) at pc=0x00007ffc653aaae7]

VM state: not at safepoint (not fully initialized)

VM Mutex/Monitor currently owned by a thread:  ([mutex/lock_event])
[0x000002510b3e1800] Heap_lock - owner thread: 0x000002510b3e54e0

Heap address: 0x0000000082800000, size: 2008 MB, Compressed Oops mode: 32-bit

CDS archive(s) mapped at: [0x0000000000000000-0x0000000000000000-0x0000000000000000), size 0, SharedBaseAddress: 0x0000000800000000, ArchiveRelocationMode: 1.
Narrow klass base: 0x0000000000000000, Narrow klass shift: 0, Narrow klass range: 0x0

GC Precious Log:
<Empty>

Heap:
 garbage-first heap   total 0K, used 0K [0x0000000082800000, 0x0000000100000000)
  region size 1024K, 0 young (0K), 0 survivors (0K)

[error occurred during error reporting (printing heap information), id 0xc0000005, EXCEPTION_ACCESS_VIOLATION (0xc0000005) at pc=0x00007ffc65791249]

GC Heap History (0 events):
No events

Deoptimization events (0 events):
No events

Classes unloaded (0 events):
No events

Classes redefined (0 events):
No events

Internal exceptions (0 events):
No events

VM Operations (0 events):
No events

Events (1 events):
Event: 0.008 Loaded shared library C:\Program Files\Java\jdk-17\bin\java.dll


Dynamic libraries:
0x00007ff6bac00000 - 0x00007ff6bac10000 	C:\Program Files\Java\jdk-17\bin\java.exe
0x00007ffcd1dd0000 - 0x00007ffcd1fe7000 	C:\WINDOWS\SYSTEM32\ntdll.dll
0x00007ffcd0fa0000 - 0x00007ffcd1064000 	C:\WINDOWS\System32\KERNEL32.DLL
0x00007ffccf460000 - 0x00007ffccf80c000 	C:\WINDOWS\System32\KERNELBASE.dll
0x00007ffccf310000 - 0x00007ffccf421000 	C:\WINDOWS\System32\ucrtbase.dll
0x00007ffccb840000 - 0x00007ffccb859000 	C:\Program Files\Java\jdk-17\bin\jli.dll
0x00007ffccba00000 - 0x00007ffccba1b000 	C:\Program Files\Java\jdk-17\bin\VCRUNTIME140.dll
0x00007ffcd01c0000 - 0x00007ffcd0272000 	C:\WINDOWS\System32\ADVAPI32.dll
0x00007ffcd0770000 - 0x00007ffcd0817000 	C:\WINDOWS\System32\msvcrt.dll
0x00007ffcd0ef0000 - 0x00007ffcd0f9a000 	C:\WINDOWS\System32\sechost.dll
0x00007ffccf430000 - 0x00007ffccf458000 	C:\WINDOWS\System32\bcrypt.dll
0x00007ffcd0c00000 - 0x00007ffcd0d15000 	C:\WINDOWS\System32\RPCRT4.dll
0x00007ffcd0d40000 - 0x00007ffcd0eee000 	C:\WINDOWS\System32\USER32.dll
0x00007ffccf1c0000 - 0x00007ffccf1e6000 	C:\WINDOWS\System32\win32u.dll
0x00007ffcd11e0000 - 0x00007ffcd1209000 	C:\WINDOWS\System32\GDI32.dll
0x00007ffccf1f0000 - 0x00007ffccf309000 	C:\WINDOWS\System32\gdi32full.dll
0x00007ffcb1400000 - 0x00007ffcb1693000 	C:\WINDOWS\WinSxS\amd64_microsoft.windows.common-controls_6595b64144ccf1df_6.0.22621.3672_none_2713b9d173822955\COMCTL32.dll
0x00007ffccf810000 - 0x00007ffccf8aa000 	C:\WINDOWS\System32\msvcp_win.dll
0x00007ffcc5980000 - 0x00007ffcc598a000 	C:\WINDOWS\SYSTEM32\VERSION.dll
0x00007ffcd1070000 - 0x00007ffcd10a1000 	C:\WINDOWS\System32\IMM32.DLL
0x00007ffccbcd0000 - 0x00007ffccbcdc000 	C:\Program Files\Java\jdk-17\bin\vcruntime140_1.dll
0x00007ffca1250000 - 0x00007ffca12de000 	C:\Program Files\Java\jdk-17\bin\msvcp140.dll
0x00007ffc650c0000 - 0x00007ffc65c9f000 	C:\Program Files\Java\jdk-17\bin\server\jvm.dll
0x00007ffcd02e0000 - 0x00007ffcd02e8000 	C:\WINDOWS\System32\PSAPI.DLL
0x00007ffcaf0d0000 - 0x00007ffcaf0d9000 	C:\WINDOWS\SYSTEM32\WSOCK32.dll
0x00007ffcca9e0000 - 0x00007ffccaa14000 	C:\WINDOWS\SYSTEM32\WINMM.dll
0x00007ffccfb10000 - 0x00007ffccfb81000 	C:\WINDOWS\System32\WS2_32.dll
0x00007ffcce0f0000 - 0x00007ffcce108000 	C:\WINDOWS\SYSTEM32\kernel.appcore.dll
0x00007ffccbc80000 - 0x00007ffccbc8a000 	C:\Program Files\Java\jdk-17\bin\jimage.dll
0x00007ffccae80000 - 0x00007ffccb0b2000 	C:\WINDOWS\SYSTEM32\DBGHELP.DLL
0x00007ffcd0870000 - 0x00007ffcd0bf8000 	C:\WINDOWS\System32\combase.dll
0x00007ffcd0060000 - 0x00007ffcd0137000 	C:\WINDOWS\System32\OLEAUT32.dll
0x00007ffcb01d0000 - 0x00007ffcb0202000 	C:\WINDOWS\SYSTEM32\dbgcore.DLL
0x00007ffccf8b0000 - 0x00007ffccf92b000 	C:\WINDOWS\System32\bcryptPrimitives.dll
0x00007ffccabe0000 - 0x00007ffccac05000 	C:\Program Files\Java\jdk-17\bin\java.dll

dbghelp: loaded successfully - version: 4.0.5 - missing functions: none
symbol engine: initialized successfully - sym options: 0x614 - pdb path: .;C:\Program Files\Java\jdk-17\bin;C:\WINDOWS\SYSTEM32;C:\WINDOWS\WinSxS\amd64_microsoft.windows.common-controls_6595b64144ccf1df_6.0.22621.3672_none_2713b9d173822955;C:\Program Files\Java\jdk-17\bin\server

VM Arguments:
jvm_args: -Dnet.bytebuddy.agent.attacher.dump= 
java_command: net.bytebuddy.agent.Attacher com.sun.tools.attach.VirtualMachine 23104 C:\Users\lenovo\.m2\repository\net\bytebuddy\byte-buddy-agent\1.14.18\byte-buddy-agent-1.14.18.jar false 
java_class_path (initial): C:\Users\lenovo\.m2\repository\net\bytebuddy\byte-buddy-agent\1.14.18\byte-buddy-agent-1.14.18.jar
Launcher Type: SUN_STANDARD

[Global flags]
     intx CICompilerCount                          = 4                                         {product} {ergonomic}
     uint ConcGCThreads                            = 2                                         {product} {ergonomic}
     uint G1ConcRefinementThreads                  = 8                                         {product} {ergonomic}
   size_t G1HeapRegionSize                         = 1048576                                   {product} {ergonomic}
    uintx GCDrainStackTargetSize                   = 64                                        {product} {ergonomic}
   size_t InitialHeapSize                          = 132120576                                 {product} {ergonomic}
   size_t MarkStackSize                            = 4194304                                   {product} {ergonomic}
   size_t MaxHeapSize                              = 2105540608                                {product} {ergonomic}
   size_t MinHeapDeltaBytes                        = 1048576                                   {product} {ergonomic}
   size_t MinHeapSize                              = 8388608                                   {product} {ergonomic}
    uintx NonNMethodCodeHeapSize                   = 5839372                                {pd product} {ergonomic}
    uintx NonProfiledCodeHeapSize                  = 122909434                              {pd product} {ergonomic}
    uintx ProfiledCodeHeapSize                     = 122909434                              {pd product} {ergonomic}
    uintx ReservedCodeCacheSize                    = 251658240                              {pd product} {ergonomic}
     bool SegmentedCodeCache                       = true                                      {product} {ergonomic}
   size_t SoftMaxHeapSize                          = 2105540608                             {manageable} {ergonomic}
     bool UseCompressedClassPointers               = true                           {product lp64_product} {ergonomic}
     bool UseCompressedOops                        = true                           {product lp64_product} {ergonomic}
     bool UseG1GC                                  = true                                      {product} {ergonomic}
     bool UseLargePagesIndividualAllocation        = false                                  {pd product} {ergonomic}

Logging:
Log output configuration:
 #0: stdout all=warning uptime,level,tags
 #1: stderr all=off uptime,level,tags

Environment Variables:
JAVA_HOME=C:\Program Files\Java\jdk-17
PATH=C:\Program Files\Java\jdk-17\bin;C:\Program Files\Common Files\Oracle\Java\javapath;C:\WINDOWS\system32;C:\WINDOWS;C:\WINDOWS\System32\Wbem;C:\WINDOWS\System32\WindowsPowerShell\v1.0\;C:\WINDOWS\System32\OpenSSH\;C:\Program Files (x86)\MinGW\bin;C:\Program Files (x86)\Git\cmd;C:\ProgramData\chocolatey\bin;C:\Program Files\Java\jdk-17;C:\Program Files\MongoDB\Server\6.0\bin;C:\Users\lenovo\AppData\Local\Android\Sdk\platform-tools;C:\Program Files\heroku\bin;C:\Program Files\nodejs\;C:\Program Files\Docker\Docker\resources\bin;C:\Program Files\PostgreSQL\16\bin;C:\Users\lenovo\AppData\Local\Programs\Python\Python312\Scripts;C:\Users\lenovo\AppData\Local\Programs\Python\Python312;C:\Users\lenovo\Downloads\apache-maven-3.9.8-bin\apache-maven-3.9.8\bin;C:\Users\lenovo\AppData\Local\Programs\Python\Launcher\;C:\Users\lenovo\AppData\Local\Android\Sdk\tools;C:\Program Files\MySQL\MySQL Shell 8.0\bin\;C:\Users\lenovo\AppData\Local\Microsoft\WindowsApps;C:\Users\lenovo\AppData\Local\Programs\Microsoft VS Code\bin;E:\flutter\bin;C:\Users\lenovo\OneDrive\Desktop\flutter\bin;C:\Program Files\MongoDB\Server\6.0\bin;C:\Program Files\MySQL\Connector C++ 8.0\bin;C:\Program Files\Android\Android Studio\bin;C:\Program Files\Java\jdk-17;C:\Users\lenovo\AppData\Local\Microsoft\WindowsApps;C:\Program Files\nodejs;C:\Users\lenovo\AppData\Local\Android\Sdk;C:\Users\lenovo\AppData\Local\Android\Sdk\platform-tools;C:\Users\lenovo\AppData\Local\Android\Sdk\build-tools;C:\Users\lenovo\AppData\Local\Android\Sdk\emulator;C:\Program Files\heroku\bin;C:\Users\lenovo\AppData\Roaming\npm;C:\Program Files\OpenSSL-Win64\bin;C:\Users\lenovo\Downloads\watchman-2024.04.22.00;C:\Program Files\Java\jdk-17\bin;C:\Program Files\PostgreSQL\16\bin;C:\Users\lenovo\AppData\Local\Programs\Python\Python312\Scripts;C:\Users\lenovo\AppData\Local\Programs\Python\Python312;C:\Users\lenovo\Downloads\apache-maven-3.9.8-bin\apache-maven-3.9.8\bin;
USERNAME=VISHAL
LANG=en_US.UTF-8
OS=Windows_NT
PROCESSOR_IDENTIFIER=Intel64 Family 6 Model 142 Stepping 12, GenuineIntel



---------------  S Y S T E M  ---------------

OS:
 Windows 11 , 64 bit Build 22621 (10.0.22621.3672)
OS uptime: 5 days 10:30 hours
Hyper-V role detected

CPU: total 8 (initial active 8) (4 cores per cpu, 2 threads per core) family 6 model 142 stepping 12 microcode 0xea, cx8, cmov, fxsr, ht, mmx, 3dnowpref, sse, sse2, sse3, ssse3, sse4.1, sse4.2, popcnt, lzcnt, tsc, tscinvbit, avx, avx2, aes, erms, clmul, bmi1, bmi2, adx, fma, vzeroupper, clflush, clflushopt, hv

Memory: 4k page, system-wide physical 8025M (414M free)
TotalPageFile size 32601M (AvailPageFile size 31M)
current process WorkingSet (physical memory assigned to process): 11M, peak: 11M
current process commit charge ("private bytes"): 60M, peak: 186M

vm_info: Java HotSpot(TM) 64-Bit Server VM (17.0.10+11-LTS-240) for windows-amd64 JRE (17.0.10+11-LTS-240), built on Dec 19 2023 21:47:25 by "mach5one" with MS VC++ 17.1 (VS2022)

END.
