#
# There is insufficient memory for the Java Runtime Environment to continue.
# Native memory allocation (mmap) failed to map 132120576 bytes for G1 virtual space
# Possible reasons:
#   The system is out of physical RAM or swap space
#   The process is running with CompressedOops enabled, and the Java Heap may be blocking the growth of the native heap
# Possible solutions:
#   Reduce memory load on the system
#   Increase physical memory or swap space
#   Check if swap backing store is full
#   Decrease Java heap size (-Xmx/-Xms)
#   Decrease number of Java threads
#   Decrease Java thread stack sizes (-Xss)
#   Set larger code cache with -XX:ReservedCodeCacheSize=
#   JVM is running with Unscaled Compressed Oops mode in which the Java heap is
#     placed in the first 4GB address space. The Java Heap base address is the
#     maximum limit for the native heap growth. Please use -XX:HeapBaseMinAddress
#     to set the Java Heap base and to place the Java Heap above 4GB virtual address.
# This output file may be truncated or incomplete.
#
#  Out of Memory Error (os_windows.cpp:3548), pid=24864, tid=25252
#
# JRE version:  (17.0.10+11) (build )
# Java VM: Java HotSpot(TM) 64-Bit Server VM (17.0.10+11-LTS-240, mixed mode, sharing, tiered, compressed oops, compressed class ptrs, g1 gc, windows-amd64)
# No core dump will be written. Minidumps are not enabled by default on client versions of Windows
#

---------------  S U M M A R Y ------------

Command Line: org.jetbrains.kotlin.cli.jvm.K2JVMCompiler @E:\Linkmate Mobile App\LINKMATE_FRONTEND\node_modules\react-native-gesture-handler\android\build\20240811_14995169338709076949.compiler.options

Host: Intel(R) Core(TM) i5-10210U CPU @ 1.60GHz, 8 cores, 7G,  Windows 11 , 64 bit Build 22621 (10.0.22621.3672)
Time: Sun Aug 11 22:09:45 2024 India Standard Time elapsed time: 0.020033 seconds (0d 0h 0m 0s)

---------------  T H R E A D  ---------------

Current thread (0x000001a3302d9960):  JavaThread "Unknown thread" [_thread_in_vm, id=25252, stack(0x000000404c800000,0x000000404c900000)]

Stack: [0x000000404c800000,0x000000404c900000]
Native frames: (J=compiled Java code, j=interpreted, Vv=VM code, C=native code)
V  [jvm.dll+0x677a5a]
V  [jvm.dll+0x7d8b2d]
V  [jvm.dll+0x7da48e]
V  [jvm.dll+0x7daaf3]
V  [jvm.dll+0x2455ff]
V  [jvm.dll+0x6749b9]
V  [jvm.dll+0x669382]
V  [jvm.dll+0x302e96]
V  [jvm.dll+0x30a416]
V  [jvm.dll+0x359cbe]
V  [jvm.dll+0x359eef]
V  [jvm.dll+0x2d9e88]
V  [jvm.dll+0x2dadf4]
V  [jvm.dll+0x7aa551]
V  [jvm.dll+0x367911]
V  [jvm.dll+0x789639]
V  [jvm.dll+0x3eb30f]
V  [jvm.dll+0x3ecd91]
C  [jli.dll+0x5297]
C  [ucrtbase.dll+0x29333]
C  [KERNEL32.DLL+0x1257d]
C  [ntdll.dll+0x5af28]


---------------  P R O C E S S  ---------------

Threads class SMR info:
_java_thread_list=0x00007ffdea696a18, length=0, elements={
}

Java Threads: ( => current thread )

Other Threads:
  0x000001a330331e30 GCTaskThread "GC Thread#0" [stack: 0x000000404c900000,0x000000404ca00000] [id=25528]
  0x000001a330342880 ConcurrentGCThread "G1 Main Marker" [stack: 0x000000404ca00000,0x000000404cb00000] [id=32228]
  0x000001a3303442a0 ConcurrentGCThread "G1 Conc#0" [stack: 0x0000000000000000,0x0000000000000000] [id=25352]

[error occurred during error reporting (printing all threads), id 0xc0000005, EXCEPTION_ACCESS_VIOLATION (0xc0000005) at pc=0x00007ffde9ecaae7]

VM state: not at safepoint (not fully initialized)

VM Mutex/Monitor currently owned by a thread:  ([mutex/lock_event])
[0x000001a3302d3fa0] Heap_lock - owner thread: 0x000001a3302d9960

Heap address: 0x0000000082800000, size: 2008 MB, Compressed Oops mode: 32-bit

CDS archive(s) mapped at: [0x0000000000000000-0x0000000000000000-0x0000000000000000), size 0, SharedBaseAddress: 0x0000000800000000, ArchiveRelocationMode: 1.
Narrow klass base: 0x0000000000000000, Narrow klass shift: 0, Narrow klass range: 0x0

GC Precious Log:
<Empty>

Heap:
 garbage-first heap   total 0K, used 0K [0x0000000082800000, 0x0000000100000000)
  region size 1024K, 0 young (0K), 0 survivors (0K)

[error occurred during error reporting (printing heap information), id 0xc0000005, EXCEPTION_ACCESS_VIOLATION (0xc0000005) at pc=0x00007ffdea2b1249]

GC Heap History (0 events):
No events

Deoptimization events (0 events):
No events

Classes unloaded (0 events):
No events

Classes redefined (0 events):
No events

Internal exceptions (0 events):
No events

VM Operations (0 events):
No events

Events (1 events):
Event: 0.012 Loaded shared library C:\Program Files\Java\jdk-17\bin\java.dll


Dynamic libraries:
0x00007ff71d660000 - 0x00007ff71d670000 	C:\Program Files\Java\jdk-17\bin\java.exe
0x00007ffe6a9b0000 - 0x00007ffe6abc7000 	C:\WINDOWS\SYSTEM32\ntdll.dll
0x00007ffe69640000 - 0x00007ffe69704000 	C:\WINDOWS\System32\KERNEL32.DLL
0x00007ffe67d50000 - 0x00007ffe680fc000 	C:\WINDOWS\System32\KERNELBASE.dll
0x00007ffe68430000 - 0x00007ffe68541000 	C:\WINDOWS\System32\ucrtbase.dll
0x00007ffe4ea50000 - 0x00007ffe4ea6b000 	C:\Program Files\Java\jdk-17\bin\VCRUNTIME140.dll
0x00007ffe4ec20000 - 0x00007ffe4ec39000 	C:\Program Files\Java\jdk-17\bin\jli.dll
0x00007ffe6a1e0000 - 0x00007ffe6a292000 	C:\WINDOWS\System32\ADVAPI32.dll
0x00007ffe68990000 - 0x00007ffe68a37000 	C:\WINDOWS\System32\msvcrt.dll
0x00007ffe688e0000 - 0x00007ffe6898a000 	C:\WINDOWS\System32\sechost.dll
0x00007ffe68400000 - 0x00007ffe68428000 	C:\WINDOWS\System32\bcrypt.dll
0x00007ffe68700000 - 0x00007ffe68815000 	C:\WINDOWS\System32\RPCRT4.dll
0x00007ffe68a40000 - 0x00007ffe68bee000 	C:\WINDOWS\System32\USER32.dll
0x00007ffe681a0000 - 0x00007ffe681c6000 	C:\WINDOWS\System32\win32u.dll
0x00007ffe6a440000 - 0x00007ffe6a469000 	C:\WINDOWS\System32\GDI32.dll
0x00007ffe68550000 - 0x00007ffe68669000 	C:\WINDOWS\System32\gdi32full.dll
0x00007ffe68100000 - 0x00007ffe6819a000 	C:\WINDOWS\System32\msvcp_win.dll
0x00007ffe44b90000 - 0x00007ffe44e23000 	C:\WINDOWS\WinSxS\amd64_microsoft.windows.common-controls_6595b64144ccf1df_6.0.22621.3672_none_2713b9d173822955\COMCTL32.dll
0x00007ffe63f30000 - 0x00007ffe63f3a000 	C:\WINDOWS\SYSTEM32\VERSION.dll
0x00007ffe6a400000 - 0x00007ffe6a431000 	C:\WINDOWS\System32\IMM32.DLL
0x00007ffe64ed0000 - 0x00007ffe64edc000 	C:\Program Files\Java\jdk-17\bin\vcruntime140_1.dll
0x00007ffe36e10000 - 0x00007ffe36e9e000 	C:\Program Files\Java\jdk-17\bin\msvcp140.dll
0x00007ffde9be0000 - 0x00007ffdea7bf000 	C:\Program Files\Java\jdk-17\bin\server\jvm.dll
0x00007ffe694c0000 - 0x00007ffe694c8000 	C:\WINDOWS\System32\PSAPI.DLL
0x00007ffe4a160000 - 0x00007ffe4a169000 	C:\WINDOWS\SYSTEM32\WSOCK32.dll
0x00007ffe6a470000 - 0x00007ffe6a4e1000 	C:\WINDOWS\System32\WS2_32.dll
0x00007ffe63a10000 - 0x00007ffe63a44000 	C:\WINDOWS\SYSTEM32\WINMM.dll
0x00007ffe66c70000 - 0x00007ffe66c88000 	C:\WINDOWS\SYSTEM32\kernel.appcore.dll
0x00007ffe644f0000 - 0x00007ffe644fa000 	C:\Program Files\Java\jdk-17\bin\jimage.dll
0x00007ffe637d0000 - 0x00007ffe63a02000 	C:\WINDOWS\SYSTEM32\DBGHELP.DLL
0x00007ffe68c10000 - 0x00007ffe68f98000 	C:\WINDOWS\System32\combase.dll
0x00007ffe6a100000 - 0x00007ffe6a1d7000 	C:\WINDOWS\System32\OLEAUT32.dll
0x00007ffe4c6d0000 - 0x00007ffe4c702000 	C:\WINDOWS\SYSTEM32\dbgcore.DLL
0x00007ffe68670000 - 0x00007ffe686eb000 	C:\WINDOWS\System32\bcryptPrimitives.dll
0x00007ffe41370000 - 0x00007ffe41395000 	C:\Program Files\Java\jdk-17\bin\java.dll

dbghelp: loaded successfully - version: 4.0.5 - missing functions: none
symbol engine: initialized successfully - sym options: 0x614 - pdb path: .;C:\Program Files\Java\jdk-17\bin;C:\WINDOWS\SYSTEM32;C:\WINDOWS\WinSxS\amd64_microsoft.windows.common-controls_6595b64144ccf1df_6.0.22621.3672_none_2713b9d173822955;C:\Program Files\Java\jdk-17\bin\server

VM Arguments:
java_command: org.jetbrains.kotlin.cli.jvm.K2JVMCompiler @E:\Linkmate Mobile App\LINKMATE_FRONTEND\node_modules\react-native-gesture-handler\android\build\20240811_14995169338709076949.compiler.options
java_class_path (initial): C:\Users\lenovo\.gradle\caches\modules-2\files-2.1\org.jetbrains.kotlin\kotlin-compiler-embeddable\1.8.0\eb9118d4bcceaa2a94b2ae2a33a4ddba7c9a947f\kotlin-compiler-embeddable-1.8.0.jar;C:\Users\lenovo\.gradle\caches\modules-2\files-2.1\org.jetbrains.kotlin\kotlin-stdlib\1.8.0\1796921c7a3e2e2665a83e6c8d33399336cd39bc\kotlin-stdlib-1.8.0.jar;C:\Users\lenovo\.gradle\caches\modules-2\files-2.1\org.jetbrains.kotlin\kotlin-script-runtime\1.8.0\b2f7e760d283cb339974851c222a4c1d48f2d3d\kotlin-script-runtime-1.8.0.jar;C:\Users\lenovo\.gradle\caches\modules-2\files-2.1\org.jetbrains.kotlin\kotlin-reflect\1.6.10\1cbe9c92c12a94eea200d23c2bbaedaf3daf5132\kotlin-reflect-1.6.10.jar;C:\Users\lenovo\.gradle\caches\modules-2\files-2.1\org.jetbrains.kotlin\kotlin-daemon-embeddable\1.8.0\d255216c551685dc3a7e852b53617f5f01aaaa5c\kotlin-daemon-embeddable-1.8.0.jar;C:\Users\lenovo\.gradle\caches\modules-2\files-2.1\org.jetbrains.intellij.deps\trove4j\1.0.20200330\3afb14d5f9ceb459d724e907a21145e8ff394f02\trove4j-1.0.20200330.jar;C:\Users\lenovo\.gradle\caches\modules-2\files-2.1\net.java.dev.jna\jna\5.6.0\330f2244e9030119ab3030fc3fededc86713d9cc\jna-5.6.0.jar;C:\Users\lenovo\.gradle\caches\modules-2\files-2.1\org.jetbrains.kotlin\kotlin-stdlib-common\1.8.0\f7197e7cc76453ac59f8b0f8d5137cc600becd36\kotlin-stdlib-common-1.8.0.jar;C:\Users\lenovo\.gradle\caches\modules-2\files-2.1\org.jetbrains\annotations\13.0\919f0dfe192fb4e063e7dacadee7f8bb9a2672a9\annotations-13.0.jar
Launcher Type: SUN_STANDARD

[Global flags]
     intx CICompilerCount                          = 4                                         {product} {ergonomic}
     uint ConcGCThreads                            = 2                                         {product} {ergonomic}
     uint G1ConcRefinementThreads                  = 8                                         {product} {ergonomic}
   size_t G1HeapRegionSize                         = 1048576                                   {product} {ergonomic}
    uintx GCDrainStackTargetSize                   = 64                                        {product} {ergonomic}
   size_t InitialHeapSize                          = 132120576                                 {product} {ergonomic}
   size_t MarkStackSize                            = 4194304                                   {product} {ergonomic}
   size_t MaxHeapSize                              = 2105540608                                {product} {ergonomic}
   size_t MinHeapDeltaBytes                        = 1048576                                   {product} {ergonomic}
   size_t MinHeapSize                              = 8388608                                   {product} {ergonomic}
    uintx NonNMethodCodeHeapSize                   = 5839372                                {pd product} {ergonomic}
    uintx NonProfiledCodeHeapSize                  = 122909434                              {pd product} {ergonomic}
    uintx ProfiledCodeHeapSize                     = 122909434                              {pd product} {ergonomic}
    uintx ReservedCodeCacheSize                    = 251658240                              {pd product} {ergonomic}
     bool SegmentedCodeCache                       = true                                      {product} {ergonomic}
   size_t SoftMaxHeapSize                          = 2105540608                             {manageable} {ergonomic}
     bool UseCompressedClassPointers               = true                           {product lp64_product} {ergonomic}
     bool UseCompressedOops                        = true                           {product lp64_product} {ergonomic}
     bool UseG1GC                                  = true                                      {product} {ergonomic}
     bool UseLargePagesIndividualAllocation        = false                                  {pd product} {ergonomic}

Logging:
Log output configuration:
 #0: stdout all=warning uptime,level,tags
 #1: stderr all=off uptime,level,tags

Environment Variables:
JAVA_HOME=C:\Program Files\Java\jdk-17
CLASSPATH=E:\Linkmate Mobile App\LINKMATE_FRONTEND\android\\gradle\wrapper\gradle-wrapper.jar
PATH=E:\Linkmate Mobile App\LINKMATE_FRONTEND\node_modules\.bin;E:\Linkmate Mobile App\LINKMATE_FRONTEND\node_modules\.bin;E:\Linkmate Mobile App\node_modules\.bin;E:\node_modules\.bin;C:\Users\lenovo\AppData\Roaming\npm\node_modules\npm\node_modules\@npmcli\run-script\lib\node-gyp-bin;C:\Program Files\Java\jdk-17\bin;C:\Program Files\Common Files\Oracle\Java\javapath;C:\WINDOWS\system32;C:\WINDOWS;C:\WINDOWS\System32\Wbem;C:\WINDOWS\System32\WindowsPowerShell\v1.0\;C:\WINDOWS\System32\OpenSSH\;C:\Program Files (x86)\MinGW\bin;C:\Program Files (x86)\Git\cmd;C:\ProgramData\chocolatey\bin;C:\Program Files\Java\jdk-17;C:\Program Files\MongoDB\Server\6.0\bin;C:\Users\lenovo\AppData\Local\Android\Sdk\platform-tools;C:\Program Files\heroku\bin;C:\Program Files\nodejs\;C:\Program Files\Docker\Docker\resources\bin;C:\Program Files\PostgreSQL\16\bin;C:\Users\lenovo\AppData\Local\Programs\Python\Python312\Scripts;C:\Users\lenovo\AppData\Local\Programs\Python\Python312;C:\Users\lenovo\Downloads\apache-maven-3.9.8-bin\apache-maven-3.9.8\bin;C:\Users\lenovo\AppData\Local\Programs\Python\Launcher\;C:\Users\lenovo\AppData\Local\Android\Sdk\tools;C:\Program Files\MySQL\MySQL Shell 8.0\bin\;C:\Users\lenovo\AppData\Local\Microsoft\WindowsApps;C:\Users\lenovo\AppData\Local\Programs\Microsoft VS Code\bin;E:\flutter\bin;C:\Users\lenovo\OneDrive\Desktop\flutter\bin;C:\Program Files\MongoDB\Server\6.0\bin;C:\Program Files\MySQL\Connector C++ 8.0\bin;C:\Program Files\Android\Android Studio\bin;C:\Program Files\Java\jdk-17;C:\Users\lenovo\AppData\Local\Microsoft\WindowsApps;C:\Program Files\nodejs;C:\Users\lenovo\AppData\Local\Android\Sdk;C:\Users\lenovo\AppData\Local\Android\Sdk\platform-tools;C:\Users\lenovo\AppData\Local\Android\Sdk\build-tools;C:\Users\lenovo\AppData\Local\Android\Sdk\emulator;C:\Program Files\heroku\bin;C:\Users\lenovo\AppData\Roaming\npm;C:\Program Files\OpenSSL-Win64\bin;C:\Users\lenovo\Downloads\watchman-2024.04.22.00;C:\Program Files\Java\jdk-17\bin;C:\Program Files\P
USERNAME=VISHAL
LANG=en_US.UTF-8
OS=Windows_NT
PROCESSOR_IDENTIFIER=Intel64 Family 6 Model 142 Stepping 12, GenuineIntel



---------------  S Y S T E M  ---------------

OS:
 Windows 11 , 64 bit Build 22621 (10.0.22621.3672)
OS uptime: 4 days 4:24 hours
Hyper-V role detected

CPU: total 8 (initial active 8) (4 cores per cpu, 2 threads per core) family 6 model 142 stepping 12 microcode 0xea, cx8, cmov, fxsr, ht, mmx, 3dnowpref, sse, sse2, sse3, ssse3, sse4.1, sse4.2, popcnt, lzcnt, tsc, tscinvbit, avx, avx2, aes, erms, clmul, bmi1, bmi2, adx, fma, vzeroupper, clflush, clflushopt, hv

Memory: 4k page, system-wide physical 8025M (296M free)
TotalPageFile size 32601M (AvailPageFile size 92M)
current process WorkingSet (physical memory assigned to process): 11M, peak: 11M
current process commit charge ("private bytes"): 60M, peak: 186M

vm_info: Java HotSpot(TM) 64-Bit Server VM (17.0.10+11-LTS-240) for windows-amd64 JRE (17.0.10+11-LTS-240), built on Dec 19 2023 21:47:25 by "mach5one" with MS VC++ 17.1 (VS2022)

END.
